# JRE version: Java(TM) SE Runtime Environment (8.0_131-b11) (build 1.8.0_131-b11)
# Java VM: Java HotSpot(TM) 64-Bit Server VM (25.131-b11 mixed mode windows-amd64 compressed oops)
Heap:
 PSYoungGen      total 463360K, used 178456K [0x00000000d5580000, 0x00000000f6200000, 0x0000000100000000)
  eden space 389632K, 35% used [0x00000000d5580000,0x00000000ddd1fc80,0x00000000ed200000)
  from space 73728K, 53% used [0x00000000f1a00000,0x00000000f40a6778,0x00000000f6200000)
  to   space 42496K, 0% used [0x00000000ee200000,0x00000000ee200000,0x00000000f0b80000)
 ParOldGen       total 288256K, used 116035K [0x0000000080000000, 0x0000000091980000, 0x00000000d5580000)
  object space 288256K, 40% used [0x0000000080000000,0x0000000087150db8,0x0000000091980000)
 Metaspace       used 53746K, capacity 54541K, committed 54656K, reserved 1097728K
  class space    used 6692K, capacity 6943K, committed 7040K, reserved 1048576K
GC Heap History (10 events):
Event: 198.928 GC heap before
{Heap before GC invocations=13 (full 2):
 PSYoungGen      total 411136K, used 410602K [0x00000000d5580000, 0x00000000f2580000, 0x0000000100000000)
  eden space 383488K, 99% used [0x00000000d5580000,0x00000000ecb82548,0x00000000ecc00000)
  from space 27648K, 99% used [0x00000000ef600000,0x00000000f10f82b8,0x00000000f1100000)
  to   space 43008K, 0% used [0x00000000ecc00000,0x00000000ecc00000,0x00000000ef600000)
 ParOldGen       total 150528K, used 75492K [0x0000000080000000, 0x0000000089300000, 0x00000000d5580000)
  object space 150528K, 50% used [0x0000000080000000,0x00000000849b9318,0x0000000089300000)
 Metaspace       used 45645K, capacity 46161K, committed 46592K, reserved 1089536K
  class space    used 5930K, capacity 6073K, committed 6144K, reserved 1048576K
Event: 199.011 GC heap after
Heap after GC invocations=13 (full 2):
 PSYoungGen      total 426496K, used 42993K [0x00000000d5580000, 0x00000000f5d00000, 0x0000000100000000)
  eden space 383488K, 0% used [0x00000000d5580000,0x00000000d5580000,0x00000000ecc00000)
  from space 43008K, 99% used [0x00000000ecc00000,0x00000000ef5fc4f8,0x00000000ef600000)
  to   space 53248K, 0% used [0x00000000f2900000,0x00000000f2900000,0x00000000f5d00000)
 ParOldGen       total 150528K, used 84026K [0x0000000080000000, 0x0000000089300000, 0x00000000d5580000)
  object space 150528K, 55% used [0x0000000080000000,0x000000008520eb28,0x0000000089300000)
 Metaspace       used 45645K, capacity 46161K, committed 46592K, reserved 1089536K
  class space    used 5930K, capacity 6073K, committed 6144K, reserved 1048576K
}
Event: 541.895 GC heap before
{Heap before GC invocations=14 (full 2):
 PSYoungGen      total 426496K, used 426481K [0x00000000d5580000, 0x00000000f5d00000, 0x0000000100000000)
  eden space 383488K, 100% used [0x00000000d5580000,0x00000000ecc00000,0x00000000ecc00000)
  from space 43008K, 99% used [0x00000000ecc00000,0x00000000ef5fc4f8,0x00000000ef600000)
  to   space 53248K, 0% used [0x00000000f2900000,0x00000000f2900000,0x00000000f5d00000)
 ParOldGen       total 150528K, used 84026K [0x0000000080000000, 0x0000000089300000, 0x00000000d5580000)
  object space 150528K, 55% used [0x0000000080000000,0x000000008520eb28,0x0000000089300000)
 Metaspace       used 49094K, capacity 49683K, committed 50048K, reserved 1093632K
  class space    used 6285K, capacity 6472K, committed 6528K, reserved 1048576K
Event: 541.988 GC heap after
Heap after GC invocations=14 (full 2):
 PSYoungGen      total 459264K, used 53217K [0x00000000d5580000, 0x00000000f7a80000, 0x0000000100000000)
  eden space 406016K, 0% used [0x00000000d5580000,0x00000000d5580000,0x00000000ee200000)
  from space 53248K, 99% used [0x00000000f2900000,0x00000000f5cf8748,0x00000000f5d00000)
  to   space 72704K, 0% used [0x00000000ee200000,0x00000000ee200000,0x00000000f2900000)
 ParOldGen       total 150528K, used 112778K [0x0000000080000000, 0x0000000089300000, 0x00000000d5580000)
  object space 150528K, 74% used [0x0000000080000000,0x0000000086e22bd0,0x0000000089300000)
 Metaspace       used 49094K, capacity 49683K, committed 50048K, reserved 1093632K
  class space    used 6285K, capacity 6472K, committed 6528K, reserved 1048576K
}
Event: 651.191 GC heap before
{Heap before GC invocations=15 (full 2):
 PSYoungGen      total 459264K, used 459233K [0x00000000d5580000, 0x00000000f7a80000, 0x0000000100000000)
  eden space 406016K, 100% used [0x00000000d5580000,0x00000000ee200000,0x00000000ee200000)
  from space 53248K, 99% used [0x00000000f2900000,0x00000000f5cf8748,0x00000000f5d00000)
  to   space 72704K, 0% used [0x00000000ee200000,0x00000000ee200000,0x00000000f2900000)
 ParOldGen       total 150528K, used 112778K [0x0000000080000000, 0x0000000089300000, 0x00000000d5580000)
  object space 150528K, 74% used [0x0000000080000000,0x0000000086e22bd0,0x0000000089300000)
 Metaspace       used 49805K, capacity 50605K, committed 50688K, reserved 1093632K
  class space    used 6330K, capacity 6573K, committed 6656K, reserved 1048576K
Event: 651.247 GC heap after
Heap after GC invocations=15 (full 2):
 PSYoungGen      total 432128K, used 42323K [0x00000000d5580000, 0x00000000f6200000, 0x0000000100000000)
  eden space 389632K, 0% used [0x00000000d5580000,0x00000000d5580000,0x00000000ed200000)
  from space 42496K, 99% used [0x00000000ee200000,0x00000000f0b54e58,0x00000000f0b80000)
  to   space 73728K, 0% used [0x00000000f1a00000,0x00000000f1a00000,0x00000000f6200000)
 ParOldGen       total 150528K, used 139179K [0x0000000080000000, 0x0000000089300000, 0x00000000d5580000)
  object space 150528K, 92% used [0x0000000080000000,0x00000000887eadc8,0x0000000089300000)
 Metaspace       used 49805K, capacity 50605K, committed 50688K, reserved 1093632K
  class space    used 6330K, capacity 6573K, committed 6656K, reserved 1048576K
}
Event: 651.247 GC heap before
{Heap before GC invocations=16 (full 3):
 PSYoungGen      total 432128K, used 42323K [0x00000000d5580000, 0x00000000f6200000, 0x0000000100000000)
  eden space 389632K, 0% used [0x00000000d5580000,0x00000000d5580000,0x00000000ed200000)
  from space 42496K, 99% used [0x00000000ee200000,0x00000000f0b54e58,0x00000000f0b80000)
  to   space 73728K, 0% used [0x00000000f1a00000,0x00000000f1a00000,0x00000000f6200000)
 ParOldGen       total 150528K, used 139179K [0x0000000080000000, 0x0000000089300000, 0x00000000d5580000)
  object space 150528K, 92% used [0x0000000080000000,0x00000000887eadc8,0x0000000089300000)
 Metaspace       used 49805K, capacity 50605K, committed 50688K, reserved 1093632K
  class space    used 6330K, capacity 6573K, committed 6656K, reserved 1048576K
Event: 651.833 GC heap after
Heap after GC invocations=16 (full 3):
 PSYoungGen      total 432128K, used 0K [0x00000000d5580000, 0x00000000f6200000, 0x0000000100000000)
  eden space 389632K, 0% used [0x00000000d5580000,0x00000000d5580000,0x00000000ed200000)
  from space 42496K, 0% used [0x00000000ee200000,0x00000000ee200000,0x00000000f0b80000)
  to   space 73728K, 0% used [0x00000000f1a00000,0x00000000f1a00000,0x00000000f6200000)
 ParOldGen       total 288256K, used 116035K [0x0000000080000000, 0x0000000091980000, 0x00000000d5580000)
  object space 288256K, 40% used [0x0000000080000000,0x0000000087150db8,0x0000000091980000)
 Metaspace       used 49805K, capacity 50605K, committed 50688K, reserved 1093632K
  class space    used 6330K, capacity 6573K, committed 6656K, reserved 1048576K
}
Event: 1380.081 GC heap before
{Heap before GC invocations=17 (full 3):
 PSYoungGen      total 432128K, used 389632K [0x00000000d5580000, 0x00000000f6200000, 0x0000000100000000)
  eden space 389632K, 100% used [0x00000000d5580000,0x00000000ed200000,0x00000000ed200000)
  from space 42496K, 0% used [0x00000000ee200000,0x00000000ee200000,0x00000000f0b80000)
  to   space 73728K, 0% used [0x00000000f1a00000,0x00000000f1a00000,0x00000000f6200000)
 ParOldGen       total 288256K, used 116035K [0x0000000080000000, 0x0000000091980000, 0x00000000d5580000)
  object space 288256K, 40% used [0x0000000080000000,0x0000000087150db8,0x0000000091980000)
 Metaspace       used 53694K, capacity 54465K, committed 54656K, reserved 1097728K
  class space    used 6689K, capacity 6939K, committed 7040K, reserved 1048576K
Event: 1380.112 GC heap after
Heap after GC invocations=17 (full 3):
 PSYoungGen      total 463360K, used 39577K [0x00000000d5580000, 0x00000000f6200000, 0x0000000100000000)
  eden space 389632K, 0% used [0x00000000d5580000,0x00000000d5580000,0x00000000ed200000)
  from space 73728K, 53% used [0x00000000f1a00000,0x00000000f40a6778,0x00000000f6200000)
  to   space 42496K, 0% used [0x00000000ee200000,0x00000000ee200000,0x00000000f0b80000)
 ParOldGen       total 288256K, used 116035K [0x0000000080000000, 0x0000000091980000, 0x00000000d5580000)
  object space 288256K, 40% used [0x0000000080000000,0x0000000087150db8,0x0000000091980000)
 Metaspace       used 53694K, capacity 54465K, committed 54656K, reserved 1097728K
  class space    used 6689K, capacity 6939K, committed 7040K, reserved 1048576K
}

